[0;34m[INFO] 2025-06-25 21:27:31 前提条件をチェック中...[0m
[0;36m[DEBUG] 2025-06-25 21:27:31 ✓ gh コマンド確認済み[0m
[0;36m[DEBUG] 2025-06-25 21:27:31 ✓ jq コマンド確認済み[0m
[0;36m[DEBUG] 2025-06-25 21:27:31 ✓ git コマンド確認済み[0m
[0;36m[DEBUG] 2025-06-25 21:27:32 ✓ GitHub CLI認証確認済み[0m
[0;32m[SUCCESS] 2025-06-25 21:27:32 前提条件チェック完了[0m
[0;34m[INFO] 2025-06-25 21:27:32 [DRY-RUN] バックアップ作成をスキップ[0m
[0;34m[INFO] 2025-06-25 21:27:32 thesis-student-registry を準備中...[0m
[0;36m[DEBUG] 2025-06-25 21:27:32 既存のthesis-student-registryを更新[0m
[0;32m[SUCCESS] 2025-06-25 21:27:33 thesis-student-registry 準備完了[0m
[0;34m[INFO] 2025-06-25 21:27:33 未処理Issueを検索中...[0m
[0;36m[DEBUG] 2025-06-25 21:27:33 対象リポジトリ: smkwlab/thesis-management-tools[0m
[0;36m[DEBUG] 2025-06-25 21:27:33 GitHub CLI コマンド実行成功[0m
[0;36m[DEBUG] 2025-06-25 21:27:33 タイトルフィルターを適用中...[0m
[0;36m[DEBUG] 2025-06-25 21:27:33 取得したIssue総数: 24[0m
[0;36m[DEBUG] 2025-06-25 21:27:33 フィルター後のIssue数: 14[0m
[0;36m[DEBUG] 2025-06-25 21:27:33 制限数適用: 2[0m
[0;36m[DEBUG] 2025-06-25 21:27:33 制限適用後のIssue数: 2[0m
[0;36m[DEBUG] 2025-06-25 21:27:33 Issue数チェック結果: '0'[0m
[0;36m[DEBUG] 2025-06-25 21:27:33 最終的なTOTAL_ISSUES: 0[0m
[0;34m[INFO] 2025-06-25 21:27:33 未処理のIssueは見つかりませんでした[0m
[0;32m[SUCCESS] 2025-06-25 21:27:33 スクリプト実行完了[0m
