[0;34m[INFO] 2025-06-25 21:21:37 å‰ææ¡ä»¶ã‚’ãƒã‚§ãƒƒã‚¯ä¸­...[0m
[0;36m[DEBUG] 2025-06-25 21:21:37 âœ“ gh ã‚³ãƒãƒ³ãƒ‰ç¢ºèªæ¸ˆã¿[0m
[0;36m[DEBUG] 2025-06-25 21:21:37 âœ“ jq ã‚³ãƒãƒ³ãƒ‰ç¢ºèªæ¸ˆã¿[0m
[0;36m[DEBUG] 2025-06-25 21:21:37 âœ“ git ã‚³ãƒãƒ³ãƒ‰ç¢ºèªæ¸ˆã¿[0m
[0;36m[DEBUG] 2025-06-25 21:21:38 âœ“ GitHub CLIèªè¨¼ç¢ºèªæ¸ˆã¿[0m
[0;32m[SUCCESS] 2025-06-25 21:21:38 å‰ææ¡ä»¶ãƒã‚§ãƒƒã‚¯å®Œäº†[0m
[0;34m[INFO] 2025-06-25 21:21:38 [DRY-RUN] ãƒãƒƒã‚¯ã‚¢ãƒƒãƒ—ä½œæˆã‚’ã‚¹ã‚­ãƒƒãƒ—[0m
[0;34m[INFO] 2025-06-25 21:21:38 thesis-student-registry ã‚’æº–å‚™ä¸­...[0m
[0;36m[DEBUG] 2025-06-25 21:21:39 æ—¢å­˜ã®thesis-student-registryã‚’æ›´æ–°[0m
[0;32m[SUCCESS] 2025-06-25 21:21:40 thesis-student-registry æº–å‚™å®Œäº†[0m
[0;34m[INFO] 2025-06-25 21:21:40 æœªå‡¦ç†Issueã‚’æ¤œç´¢ä¸­...[0m
[0;31m[ERROR] 2025-06-25 21:21:40 Issueå–å¾—ã«å¤±æ•—ã—ã¾ã—ãŸ: Unknown JSON field: "htmlUrl"
Available fields:
  assignees
  author
  body
  closed
  closedAt
  closedByPullRequestsReferences
  comments
  createdAt
  id
  isPinned
  labels
  milestone
  number
  projectCards
  projectItems
  reactionGroups
  state
  stateReason
  title
  updatedAt
  url[0m
[0;31m[ERROR] 2025-06-25 21:21:40 Issueå‡¦ç†ã«å¤±æ•—ã—ã¾ã—ãŸ[0m
