[0;34m[INFO] 2025-06-25 21:32:31 前提条件をチェック中...[0m
[0;36m[DEBUG] 2025-06-25 21:32:31 ✓ gh コマンド確認済み[0m
[0;36m[DEBUG] 2025-06-25 21:32:31 ✓ jq コマンド確認済み[0m
[0;36m[DEBUG] 2025-06-25 21:32:31 ✓ git コマンド確認済み[0m
[0;36m[DEBUG] 2025-06-25 21:32:32 ✓ GitHub CLI認証確認済み[0m
[0;32m[SUCCESS] 2025-06-25 21:32:32 前提条件チェック完了[0m
[0;34m[INFO] 2025-06-25 21:32:32 [DRY-RUN] バックアップ作成をスキップ[0m
[0;34m[INFO] 2025-06-25 21:32:32 thesis-student-registry を準備中...[0m
[0;36m[DEBUG] 2025-06-25 21:32:32 既存のthesis-student-registryを更新[0m
[0;32m[SUCCESS] 2025-06-25 21:32:33 thesis-student-registry 準備完了[0m
[0;34m[INFO] 2025-06-25 21:32:33 未処理Issueを検索中...[0m
[0;36m[DEBUG] 2025-06-25 21:32:33 対象リポジトリ: smkwlab/thesis-management-tools[0m
[0;36m[DEBUG] 2025-06-25 21:32:34 GitHub CLI コマンド実行成功[0m
[0;36m[DEBUG] 2025-06-25 21:32:34 タイトルフィルターを適用中...[0m
[0;36m[DEBUG] 2025-06-25 21:32:34 取得したIssue総数: 24[0m
[0;36m[DEBUG] 2025-06-25 21:32:34 フィルター後のIssue数: 14[0m
[0;36m[DEBUG] 2025-06-25 21:32:34 タイプフィルター適用: wr[0m
[0;36m[DEBUG] 2025-06-25 21:32:34 制限数適用: 1[0m
[0;36m[DEBUG] 2025-06-25 21:32:34 制限適用後のIssue数: 1[0m
[0;36m[DEBUG] 2025-06-25 21:32:34 取得したJSON: [
  {
    "body": "週報リポジトリ \`k23rs101-wr\` のブランチ保護設定とリポジトリ一覧への登録を依頼します。

**リポジトリ情報:**
- 学生ID: \...[0m
[0;36m[DEBUG] 2025-06-25 21:32:34 Issue数チェック結果: '1'[0m
[0;36m[DEBUG] 2025-06-25 21:32:34 最終的なTOTAL_ISSUES: 1[0m
[0;34m[INFO] 2025-06-25 21:32:34 見つかったIssue: 1件[0m
[0;34m[INFO] 2025-06-25 21:32:34 自動処理モードで実行中...[0m
[0;36m[DEBUG] 2025-06-25 21:32:34 Issue #152: k23rs101-wr (wr) - k23rs101[0m
[0;34m[INFO] 2025-06-25 21:32:34 処理中 (1/1): Issue #152 - k23rs101-wr[0m
[0;36m[DEBUG] 2025-06-25 21:32:35 リポジトリ存在確認: smkwlab/k23rs101-wr ✓[0m
[0;34m[INFO] 2025-06-25 21:32:35 週報リポジトリ処理: k23rs101-wr[0m
[0;36m[DEBUG] 2025-06-25 21:32:35 thesis-student-registry 更新: k23rs101-wr (wr) - k23rs101[0m
[0;34m[INFO] 2025-06-25 21:32:35 [DRY-RUN] thesis-student-registry 更新: k23rs101-wr[0m
[0;36m[DEBUG] 2025-06-25 21:32:35 active.txt への追加: k23rs101-wr[0m
[0;34m[INFO] 2025-06-25 21:32:35 [DRY-RUN] active.txt への追加: k23rs101-wr[0m
[0;34m[INFO] 2025-06-25 21:32:35 [DRY-RUN] Issue #152 をクローズ: ✅ 週報リポジトリの登録が完了しました

## 登録内容
- **リポジトリ**: smkwlab/k23rs101-wr
- **学生ID**: k23rs101
- **登録日時**: 2025-06-25 21:32:35 JST

週報リポジトリは登録のみで管理されます。ブランチ保護設定は不要です。

論文執筆は以下のガイドを参照してください：
https://github.com/smkwlab/k23rs101-wr/blob/main/WRITING-GUIDE.md[0m
[0;32m[SUCCESS] 2025-06-25 21:32:35 週報リポジトリ処理完了: k23rs101-wr[0m
[0;32m[SUCCESS] 2025-06-25 21:32:35 Issue #152: 処理完了[0m
[0;32m[SUCCESS] 2025-06-25 21:32:35 スクリプト実行完了[0m
