[0;34m[INFO] 2025-06-25 21:29:19 前提条件をチェック中...[0m
[0;36m[DEBUG] 2025-06-25 21:29:19 ✓ gh コマンド確認済み[0m
[0;36m[DEBUG] 2025-06-25 21:29:19 ✓ jq コマンド確認済み[0m
[0;36m[DEBUG] 2025-06-25 21:29:19 ✓ git コマンド確認済み[0m
[0;36m[DEBUG] 2025-06-25 21:29:20 ✓ GitHub CLI認証確認済み[0m
[0;32m[SUCCESS] 2025-06-25 21:29:20 前提条件チェック完了[0m
[0;34m[INFO] 2025-06-25 21:29:20 [DRY-RUN] バックアップ作成をスキップ[0m
[0;34m[INFO] 2025-06-25 21:29:20 thesis-student-registry を準備中...[0m
[0;36m[DEBUG] 2025-06-25 21:29:20 既存のthesis-student-registryを更新[0m
[0;32m[SUCCESS] 2025-06-25 21:29:21 thesis-student-registry 準備完了[0m
[0;34m[INFO] 2025-06-25 21:29:21 未処理Issueを検索中...[0m
[0;36m[DEBUG] 2025-06-25 21:29:21 対象リポジトリ: smkwlab/thesis-management-tools[0m
[0;36m[DEBUG] 2025-06-25 21:29:22 GitHub CLI コマンド実行成功[0m
[0;36m[DEBUG] 2025-06-25 21:29:22 タイトルフィルターを適用中...[0m
[0;36m[DEBUG] 2025-06-25 21:29:22 取得したIssue総数: 24[0m
[0;36m[DEBUG] 2025-06-25 21:29:22 フィルター後のIssue数: 14[0m
[0;36m[DEBUG] 2025-06-25 21:29:22 制限数適用: 2[0m
[0;36m[DEBUG] 2025-06-25 21:29:22 制限適用後のIssue数: 2[0m
[0;36m[DEBUG] 2025-06-25 21:29:22 取得したJSON: [
  {
    "body": "週報リポジトリ \`k23rs101-wr\` のブランチ保護設定とリポジトリ一覧への登録を依頼します。

**リポジトリ情報:**
- 学生ID: \...[0m
[0;36m[DEBUG] 2025-06-25 21:29:22 Issue数チェック結果: '2'[0m
[0;36m[DEBUG] 2025-06-25 21:29:22 最終的なTOTAL_ISSUES: 2[0m
[0;34m[INFO] 2025-06-25 21:29:22 見つかったIssue: 2件[0m
[0;34m[INFO] 2025-06-25 21:29:22 自動処理モードで実行中...[0m
[0;36m[DEBUG] 2025-06-25 21:29:22 Issue #152: k23rs101-wr (wr) - k23rs101[0m
[0;34m[INFO] 2025-06-25 21:29:22 処理中 (1/2): Issue #152 - k23rs101-wr[0m
[0;36m[DEBUG] 2025-06-25 21:29:23 リポジトリ存在確認: smkwlab/k23rs101-wr ✓[0m
[0;34m[INFO] 2025-06-25 21:29:23 週報リポジトリ処理: k23rs101-wr[0m
[0;32m[SUCCESS] 2025-06-25 21:29:23 Issue #152: 処理完了[0m
[0;36m[DEBUG] 2025-06-25 21:29:23 Issue #151: k22rs152-wr (wr) - k22rs152[0m
[0;34m[INFO] 2025-06-25 21:29:23 処理中 (2/2): Issue #151 - k22rs152-wr[0m
[0;36m[DEBUG] 2025-06-25 21:29:24 リポジトリ存在確認: smkwlab/k22rs152-wr ✓[0m
[0;34m[INFO] 2025-06-25 21:29:24 週報リポジトリ処理: k22rs152-wr[0m
[0;32m[SUCCESS] 2025-06-25 21:29:24 Issue #151: 処理完了[0m
[0;32m[SUCCESS] 2025-06-25 21:29:24 スクリプト実行完了[0m
