[0;34m[INFO] 2025-06-25 21:21:59 前提条件をチェック中...[0m
[0;36m[DEBUG] 2025-06-25 21:21:59 ✓ gh コマンド確認済み[0m
[0;36m[DEBUG] 2025-06-25 21:21:59 ✓ jq コマンド確認済み[0m
[0;36m[DEBUG] 2025-06-25 21:21:59 ✓ git コマンド確認済み[0m
[0;36m[DEBUG] 2025-06-25 21:22:00 ✓ GitHub CLI認証確認済み[0m
[0;32m[SUCCESS] 2025-06-25 21:22:00 前提条件チェック完了[0m
[0;34m[INFO] 2025-06-25 21:22:00 [DRY-RUN] バックアップ作成をスキップ[0m
[0;34m[INFO] 2025-06-25 21:22:00 thesis-student-registry を準備中...[0m
[0;36m[DEBUG] 2025-06-25 21:22:00 既存のthesis-student-registryを更新[0m
[0;32m[SUCCESS] 2025-06-25 21:22:01 thesis-student-registry 準備完了[0m
[0;34m[INFO] 2025-06-25 21:22:01 未処理Issueを検索中...[0m
[0;36m[DEBUG] 2025-06-25 21:22:02 タイトルフィルターを適用中...[0m
[0;36m[DEBUG] 2025-06-25 21:22:02 制限数適用: 2[0m
[0;34m[INFO] 2025-06-25 21:22:02 見つかったIssue: 件[0m
[0;34m[INFO] 2025-06-25 21:22:02 自動処理モードで実行中...[0m
[1;33m[WARN] 2025-06-25 21:22:02 Issue #: リポジトリ名を抽出できませんでした[0m
[1;33m[WARN] 2025-06-25 21:22:02 Issue #: 情報抽出に失敗、スキップします[0m
[1;33m[WARN] 2025-06-25 21:22:02 Issue #: リポジトリ名を抽出できませんでした[0m
[1;33m[WARN] 2025-06-25 21:22:02 Issue #: 情報抽出に失敗、スキップします[0m
[0;32m[SUCCESS] 2025-06-25 21:22:02 スクリプト実行完了[0m
